<?xml version="1.0" encoding="UTF-8"?>
<testng-results skipped="0" failed="0" ignored="0" total="1" passed="1">
  <reporter-output>
  </reporter-output>
  <suite name="Default suite" duration-ms="187" started-at="2023-07-11T09:55:48Z" finished-at="2023-07-11T09:55:48Z">
    <groups>
    </groups>
    <test name="Default test" duration-ms="187" started-at="2023-07-11T09:55:48Z" finished-at="2023-07-11T09:55:48Z">
      <class name="TestClass">
        <test-method status="PASS" signature="main()[pri:0, instance:TestClass@1753acfe]" name="main" duration-ms="42" started-at="2023-07-11T15:25:48Z" finished-at="2023-07-11T15:25:48Z">
          <reporter-output>
          </reporter-output>
        </test-method> <!-- main -->
      </class> <!-- TestClass -->
    </test> <!-- Default test -->
  </suite> <!-- Default suite -->
</testng-results>
